<?xml version="1.0" encoding="UTF-8"?>
<!-- Generated by org.testng.reporters.JUnitXMLReporter -->
<testsuite hostname="Hyd01L5157" ignored="0" name="Users(failed)" tests="1" failures="0" timestamp="13 Aug 2018 18:34:21 GMT" time="32.075" errors="0">
  <testcase name="@BeforeMethod setup" time="29.214" classname="com.smart.qa.testcase.CreateUserPageTest_Ascena">
    <failure type="java.lang.NullPointerException">
      <![CDATA[java.lang.NullPointerException
	at com.smart.qa.testcase.CreateUserPageTest_Ascena.setup(CreateUserPageTest_Ascena.java:37)
... Removed 27 stack frames]]>
    </failure>
  </testcase> <!-- @BeforeMethod setup -->
  <testcase name="verifynewuserbutton" time="0.001" classname="com.smart.qa.testcase.CreateUserPageTest_Ascena">
    <skipped/>
  </testcase> <!-- verifynewuserbutton -->
</testsuite> <!-- Users(failed) -->
