<?xml version="1.0" encoding="UTF-8"?>
<testng-results skipped="0" failed="0" ignored="0" total="1" passed="1">
  <reporter-output>
  </reporter-output>
  <suite name="Default suite" duration-ms="79783" started-at="2018-09-14T04:17:39Z" finished-at="2018-09-14T04:18:59Z">
    <groups>
    </groups>
    <test name="Default test" duration-ms="79783" started-at="2018-09-14T04:17:39Z" finished-at="2018-09-14T04:18:59Z">
      <class name="com.smart.qa.testcase.AdminPageTest">
        <test-method status="PASS" signature="setup()[pri:0, instance:com.smart.qa.testcase.AdminPageTest@77cd7a0]" name="setup" is-config="true" duration-ms="67900" started-at="2018-09-14T09:47:39Z" finished-at="2018-09-14T09:48:47Z">
          <reporter-output>
          </reporter-output>
        </test-method> <!-- setup -->
        <test-method status="PASS" signature="verifyusermanager_redirection()[pri:0, instance:com.smart.qa.testcase.AdminPageTest@77cd7a0]" name="verifyusermanager_redirection" duration-ms="10823" started-at="2018-09-14T09:48:47Z" finished-at="2018-09-14T09:48:58Z">
          <reporter-output>
          </reporter-output>
        </test-method> <!-- verifyusermanager_redirection -->
        <test-method status="PASS" signature="Teardown()[pri:0, instance:com.smart.qa.testcase.AdminPageTest@77cd7a0]" name="Teardown" is-config="true" duration-ms="995" started-at="2018-09-14T09:48:58Z" finished-at="2018-09-14T09:48:59Z">
          <reporter-output>
          </reporter-output>
        </test-method> <!-- Teardown -->
      </class> <!-- com.smart.qa.testcase.AdminPageTest -->
    </test> <!-- Default test -->
  </suite> <!-- Default suite -->
</testng-results>
